C:\xampp\htdocs\blog\.htaccess
C:\xampp\htdocs\blog\api\.htaccess
C:\xampp\htdocs\blog\api\index.php
C:\xampp\htdocs\blog\composer.json
C:\xampp\htdocs\blog\controllers\ApiController.php
C:\xampp\htdocs\blog\controllers\AudittrailController.php
C:\xampp\htdocs\blog\controllers\ControllerBase.php
C:\xampp\htdocs\blog\controllers\EmployeesController.php
C:\xampp\htdocs\blog\controllers\HomeController.php
C:\xampp\htdocs\blog\controllers\NewsController.php
C:\xampp\htdocs\blog\controllers\OthersController.php
C:\xampp\htdocs\blog\controllers\UserlevelpermissionsController.php
C:\xampp\htdocs\blog\controllers\UserlevelsController.php
C:\xampp\htdocs\blog\css\ewpdf.scss
C:\xampp\htdocs\blog\css\prj_membership.scss
C:\xampp\htdocs\blog\css\query-builder.scss
C:\xampp\htdocs\blog\css\tabulator_bootstrap5.scss
C:\xampp\htdocs\blog\css\tempus-dominus.scss
C:\xampp\htdocs\blog\files\index.html
C:\xampp\htdocs\blog\index.php
C:\xampp\htdocs\blog\js\eweditor.js
C:\xampp\htdocs\blog\js\userevent.js
C:\xampp\htdocs\blog\js\userfn.js
C:\xampp\htdocs\blog\log\index.html
C:\xampp\htdocs\blog\models\Audittrail.php
C:\xampp\htdocs\blog\models\AudittrailAdd.php
C:\xampp\htdocs\blog\models\AudittrailDelete.php
C:\xampp\htdocs\blog\models\AudittrailEdit.php
C:\xampp\htdocs\blog\models\AudittrailList.php
C:\xampp\htdocs\blog\models\AudittrailView.php
C:\xampp\htdocs\blog\models\ChangePassword.php
C:\xampp\htdocs\blog\models\Employees.php
C:\xampp\htdocs\blog\models\EmployeesAdd.php
C:\xampp\htdocs\blog\models\EmployeesDelete.php
C:\xampp\htdocs\blog\models\EmployeesEdit.php
C:\xampp\htdocs\blog\models\EmployeesList.php
C:\xampp\htdocs\blog\models\EmployeesView.php
C:\xampp\htdocs\blog\models\Home.php
C:\xampp\htdocs\blog\models\Login.php
C:\xampp\htdocs\blog\models\Logout.php
C:\xampp\htdocs\blog\models\News.php
C:\xampp\htdocs\blog\models\PersonalData.php
C:\xampp\htdocs\blog\models\Register.php
C:\xampp\htdocs\blog\models\ResetPassword.php
C:\xampp\htdocs\blog\models\Userlevelpermissions.php
C:\xampp\htdocs\blog\models\UserlevelpermissionsAdd.php
C:\xampp\htdocs\blog\models\UserlevelpermissionsDelete.php
C:\xampp\htdocs\blog\models\UserlevelpermissionsEdit.php
C:\xampp\htdocs\blog\models\UserlevelpermissionsList.php
C:\xampp\htdocs\blog\models\UserlevelpermissionsView.php
C:\xampp\htdocs\blog\models\Userlevels.php
C:\xampp\htdocs\blog\models\UserlevelsAdd.php
C:\xampp\htdocs\blog\models\UserlevelsDelete.php
C:\xampp\htdocs\blog\models\UserlevelsEdit.php
C:\xampp\htdocs\blog\models\UserlevelsList.php
C:\xampp\htdocs\blog\models\UserlevelsView.php
C:\xampp\htdocs\blog\models\Userpriv.php
C:\xampp\htdocs\blog\package.json
C:\xampp\htdocs\blog\src\AbstractController.php
C:\xampp\htdocs\blog\src\AbstractEntity.php
C:\xampp\htdocs\blog\src\AbstractExport.php
C:\xampp\htdocs\blog\src\AbstractExportBase.php
C:\xampp\htdocs\blog\src\AbstractTwoFactorAuthentication.php
C:\xampp\htdocs\blog\src\AdvancedFilter.php
C:\xampp\htdocs\blog\src\AdvancedSearch.php
C:\xampp\htdocs\blog\src\AdvancedSecurity.php
C:\xampp\htdocs\blog\src\Allow.php
C:\xampp\htdocs\blog\src\ApiActionEvent.php
C:\xampp\htdocs\blog\src\ApiPermissionMiddleware.php
C:\xampp\htdocs\blog\src\Attributes.php
C:\xampp\htdocs\blog\src\Attributes\Delete.php
C:\xampp\htdocs\blog\src\Attributes\Get.php
C:\xampp\htdocs\blog\src\Attributes\Map.php
C:\xampp\htdocs\blog\src\Attributes\Options.php
C:\xampp\htdocs\blog\src\Attributes\Patch.php
C:\xampp\htdocs\blog\src\Attributes\Post.php
C:\xampp\htdocs\blog\src\Attributes\Put.php
C:\xampp\htdocs\blog\src\AuditTrailHandler.php
C:\xampp\htdocs\blog\src\AzureAD.php
C:\xampp\htdocs\blog\src\BasicSearch.php
C:\xampp\htdocs\blog\src\Breadcrumb.php
C:\xampp\htdocs\blog\src\BytesType.php
C:\xampp\htdocs\blog\src\CaptchaBase.php
C:\xampp\htdocs\blog\src\CaptchaInterface.php
C:\xampp\htdocs\blog\src\ChartExporter.php
C:\xampp\htdocs\blog\src\ChartJsRenderer.php
C:\xampp\htdocs\blog\src\ChartRendererInterface.php
C:\xampp\htdocs\blog\src\ChartTypes.php
C:\xampp\htdocs\blog\src\ConfigurationEvent.php
C:\xampp\htdocs\blog\src\ContainerBuildEvent.php
C:\xampp\htdocs\blog\src\CorsMiddleware.php
C:\xampp\htdocs\blog\src\CrosstabColumn.php
C:\xampp\htdocs\blog\src\CrosstabTable.php
C:\xampp\htdocs\blog\src\CustomUploadHandler.php
C:\xampp\htdocs\blog\src\DataType.php
C:\xampp\htdocs\blog\src\DatabaseConnectedEvent.php
C:\xampp\htdocs\blog\src\DatabaseConnectingEvent.php
C:\xampp\htdocs\blog\src\DbChart.php
C:\xampp\htdocs\blog\src\DbField.php
C:\xampp\htdocs\blog\src\DbTable.php
C:\xampp\htdocs\blog\src\DbTableBase.php
C:\xampp\htdocs\blog\src\DebugSqlLogger.php
C:\xampp\htdocs\blog\src\Email.php
C:\xampp\htdocs\blog\src\EmailTwoFactorAuthentication.php
C:\xampp\htdocs\blog\src\EntityDescriptor.php
C:\xampp\htdocs\blog\src\Entity\Audittrail.php
C:\xampp\htdocs\blog\src\Entity\Employee.php
C:\xampp\htdocs\blog\src\Entity\Userlevel.php
C:\xampp\htdocs\blog\src\Entity\Userlevelpermission.php
C:\xampp\htdocs\blog\src\ExportCsv.php
C:\xampp\htdocs\blog\src\ExportEmail.php
C:\xampp\htdocs\blog\src\ExportExcel.php
C:\xampp\htdocs\blog\src\ExportHandler.php
C:\xampp\htdocs\blog\src\ExportHtml.php
C:\xampp\htdocs\blog\src\ExportJson.php
C:\xampp\htdocs\blog\src\ExportPdf.php
C:\xampp\htdocs\blog\src\ExportWord.php
C:\xampp\htdocs\blog\src\ExportXml.php
C:\xampp\htdocs\blog\src\FileUploadHandler.php
C:\xampp\htdocs\blog\src\FileViewer.php
C:\xampp\htdocs\blog\src\ForceLogoutUserAction.php
C:\xampp\htdocs\blog\src\GeographyType.php
C:\xampp\htdocs\blog\src\GeometryType.php
C:\xampp\htdocs\blog\src\HierarchyIdType.php
C:\xampp\htdocs\blog\src\HttpErrorHandler.php
C:\xampp\htdocs\blog\src\HttpForm.php
C:\xampp\htdocs\blog\src\HttpServiceUnavailableException.php
C:\xampp\htdocs\blog\src\HttpSession.php
C:\xampp\htdocs\blog\src\HttpUpload.php
C:\xampp\htdocs\blog\src\JwtMiddleware.php
C:\xampp\htdocs\blog\src\Language.php
C:\xampp\htdocs\blog\src\LanguageLoadEvent.php
C:\xampp\htdocs\blog\src\LaravelSessionMiddleware.php
C:\xampp\htdocs\blog\src\LdapConn.php
C:\xampp\htdocs\blog\src\ListAction.php
C:\xampp\htdocs\blog\src\ListActions.php
C:\xampp\htdocs\blog\src\ListOption.php
C:\xampp\htdocs\blog\src\ListOptions.php
C:\xampp\htdocs\blog\src\ListOptionsArray.php
C:\xampp\htdocs\blog\src\LoginStatusEvent.php
C:\xampp\htdocs\blog\src\Lookup.php
C:\xampp\htdocs\blog\src\MaintenanceMiddleware.php
C:\xampp\htdocs\blog\src\Menu.php
C:\xampp\htdocs\blog\src\MenuItem.php
C:\xampp\htdocs\blog\src\MenuItemAddingEvent.php
C:\xampp\htdocs\blog\src\MenuRenderedEvent.php
C:\xampp\htdocs\blog\src\MenuRenderingEvent.php
C:\xampp\htdocs\blog\src\MessagesTrait.php
C:\xampp\htdocs\blog\src\NumericPager.php
C:\xampp\htdocs\blog\src\OptionValues.php
C:\xampp\htdocs\blog\src\PageLoadingEvent.php
C:\xampp\htdocs\blog\src\PageRenderingEvent.php
C:\xampp\htdocs\blog\src\PageUnloadedEvent.php
C:\xampp\htdocs\blog\src\Pager.php
C:\xampp\htdocs\blog\src\PagerItem.php
C:\xampp\htdocs\blog\src\PasswordHash.php
C:\xampp\htdocs\blog\src\PermissionMiddleware.php
C:\xampp\htdocs\blog\src\PhpEncryption.php
C:\xampp\htdocs\blog\src\PragmaRxTwoFactorAuthentication.php
C:\xampp\htdocs\blog\src\PrevNextPager.php
C:\xampp\htdocs\blog\src\PushNotification.php
C:\xampp\htdocs\blog\src\ReportField.php
C:\xampp\htdocs\blog\src\ReportTable.php
C:\xampp\htdocs\blog\src\ResendRegisterEmailAction.php
C:\xampp\htdocs\blog\src\ResetConcurrentUserAction.php
C:\xampp\htdocs\blog\src\ResetLoginRetryAction.php
C:\xampp\htdocs\blog\src\ResetUserSecretAction.php
C:\xampp\htdocs\blog\src\RouteActionEvent.php
C:\xampp\htdocs\blog\src\RouteAttributes.php
C:\xampp\htdocs\blog\src\RowSummary.php
C:\xampp\htdocs\blog\src\RowTotal.php
C:\xampp\htdocs\blog\src\RowType.php
C:\xampp\htdocs\blog\src\Saml2.php
C:\xampp\htdocs\blog\src\SessionHandler.php
C:\xampp\htdocs\blog\src\SetPasswordExpiredAction.php
C:\xampp\htdocs\blog\src\Sms.php
C:\xampp\htdocs\blog\src\SmsTwoFactorAuthentication.php
C:\xampp\htdocs\blog\src\SsoStateSessionStore.php
C:\xampp\htdocs\blog\src\SubPage.php
C:\xampp\htdocs\blog\src\SubPages.php
C:\xampp\htdocs\blog\src\SummaryField.php
C:\xampp\htdocs\blog\src\Timer.php
C:\xampp\htdocs\blog\src\TwoFactorAuthenticationInterface.php
C:\xampp\htdocs\blog\src\UploadHandler.php
C:\xampp\htdocs\blog\src\UserProfile.php
C:\xampp\htdocs\blog\src\XmlDocument.php
C:\xampp\htdocs\blog\src\apiroutes.php
C:\xampp\htdocs\blog\src\config.development.php
C:\xampp\htdocs\blog\src\config.php
C:\xampp\htdocs\blog\src\config.production.php
C:\xampp\htdocs\blog\src\constants.php
C:\xampp\htdocs\blog\src\definitions.php
C:\xampp\htdocs\blog\src\phpfn.php
C:\xampp\htdocs\blog\src\routes.php
C:\xampp\htdocs\blog\src\userfn.php
C:\xampp\htdocs\blog\src\userlevelsettings.php
C:\xampp\htdocs\blog\views\AudittrailAdd.php
C:\xampp\htdocs\blog\views\AudittrailDelete.php
C:\xampp\htdocs\blog\views\AudittrailEdit.php
C:\xampp\htdocs\blog\views\AudittrailList.php
C:\xampp\htdocs\blog\views\AudittrailView.php
C:\xampp\htdocs\blog\views\ChangePassword.php
C:\xampp\htdocs\blog\views\EmployeesAdd.php
C:\xampp\htdocs\blog\views\EmployeesDelete.php
C:\xampp\htdocs\blog\views\EmployeesEdit.php
C:\xampp\htdocs\blog\views\EmployeesList.php
C:\xampp\htdocs\blog\views\EmployeesView.php
C:\xampp\htdocs\blog\views\Error.php
C:\xampp\htdocs\blog\views\Home.php
C:\xampp\htdocs\blog\views\Login.php
C:\xampp\htdocs\blog\views\News.php
C:\xampp\htdocs\blog\views\PersonalData.php
C:\xampp\htdocs\blog\views\Register.php
C:\xampp\htdocs\blog\views\ResetPassword.php
C:\xampp\htdocs\blog\views\UserlevelpermissionsAdd.php
C:\xampp\htdocs\blog\views\UserlevelpermissionsDelete.php
C:\xampp\htdocs\blog\views\UserlevelpermissionsEdit.php
C:\xampp\htdocs\blog\views\UserlevelpermissionsList.php
C:\xampp\htdocs\blog\views\UserlevelpermissionsView.php
C:\xampp\htdocs\blog\views\UserlevelsAdd.php
C:\xampp\htdocs\blog\views\UserlevelsDelete.php
C:\xampp\htdocs\blog\views\UserlevelsEdit.php
C:\xampp\htdocs\blog\views\UserlevelsList.php
C:\xampp\htdocs\blog\views\UserlevelsView.php
C:\xampp\htdocs\blog\views\Userpriv.php
C:\xampp\htdocs\blog\views\email.php
C:\xampp\htdocs\blog\views\layout.php
C:\xampp\htdocs\blog\views\menu.php
C:\xampp\htdocs\blog\views\swagger.php
C:\xampp\htdocs\blog\web.config